#
# There is insufficient memory for the Java Runtime Environment to continue.
# Cannot create GC thread. Out of system resources.
# Possible reasons:
#   The system is out of physical RAM or swap space
#   In 32 bit mode, the process size limit was hit
# Possible solutions:
#   Reduce memory load on the system
#   Increase physical memory or swap space
#   Check if swap backing store is full
#   Use 64 bit Java on a 64 bit OS
#   Decrease Java heap size (-Xmx/-Xms)
#   Decrease number of Java threads
#   Decrease Java thread stack sizes (-Xss)
#   Set larger code cache with -XX:ReservedCodeCacheSize=
# This output file may be truncated or incomplete.
#
#  Out of Memory Error (gcTaskThread.cpp:46), pid=18221, tid=140457936766720
#
# JRE version: 7.0_25-b15
# Java VM: Java HotSpot(TM) 64-Bit Server VM (23.25-b01 mixed mode linux-amd64 compressed oops)
# Failed to write core dump. Core dumps have been disabled. To enable core dumping, try "ulimit -c unlimited" before starting Java again
#

---------------  T H R E A D  ---------------

Current thread (0x00007fbee0006800):  JavaThread "Unknown thread" [_thread_in_vm, id=18226, stack(0x00007fbee95d4000,0x00007fbee96d5000)]

Stack: [0x00007fbee95d4000,0x00007fbee96d5000],  sp=0x00007fbee96d35f0,  free space=1021k
Native frames: (J=compiled Java code, j=interpreted, Vv=VM code, C=native code)
V  [libjvm.so+0x8a1d3a]  VMError::report_and_die()+0x2ea
V  [libjvm.so+0x4071fb]  report_vm_out_of_memory(char const*, int, unsigned long, char const*)+0x9b
V  [libjvm.so+0x4b3e2a]  GCTaskThread::GCTaskThread(GCTaskManager*, unsigned int, unsigned int)+0xfa
V  [libjvm.so+0x4b2896]  GCTaskManager::initialize()+0x266
V  [libjvm.so+0x75dc4f]  ParallelScavengeHeap::initialize()+0x6cf
V  [libjvm.so+0x87a078]  Universe::initialize_heap()+0xb8
V  [libjvm.so+0x87c7ed]  universe_init()+0x7d
V  [libjvm.so+0x500315]  init_globals()+0x65
V  [libjvm.so+0x863a62]  Threads::create_vm(JavaVMInitArgs*, bool*)+0x1e2
V  [libjvm.so+0x55ff34]  JNI_CreateJavaVM+0x74
C  [libjli.so+0x2f8e]  JavaMain+0x9e


---------------  P R O C E S S  ---------------

Java Threads: ( => current thread )

Other Threads:

=>0x00007fbee0006800 (exited) JavaThread "Unknown thread" [_thread_in_vm, id=18226, stack(0x00007fbee95d4000,0x00007fbee96d5000)]

VM state:not at safepoint (not fully initialized)

VM Mutex/Monitor currently owned by a thread: None

GC Heap History (0 events):
No events

Deoptimization events (0 events):
No events

Internal exceptions (0 events):
No events

Events (0 events):
No events


Dynamic libraries:
00400000-00401000 r-xp 00000000 08:07 75943                              /usr/opt/oracle-jdk-bin-1.7.0.25/jre/bin/java
00600000-00601000 rw-p 00000000 08:07 75943                              /usr/opt/oracle-jdk-bin-1.7.0.25/jre/bin/java
025c0000-025e1000 rw-p 00000000 00:00 0                                  [heap]
77ec00000-7800c0000 rw-p 00000000 00:00 0 
7800c0000-783e00000 rw-p 00000000 00:00 0 
783e00000-7890c0000 rw-p 00000000 00:00 0 
7890c0000-7d6a00000 rw-p 00000000 00:00 0 
7d6a00000-7d9350000 rw-p 00000000 00:00 0 
7d9350000-800000000 rw-p 00000000 00:00 0 
7fbedf421000-7fbedf55b000 rw-p 00000000 00:00 0 
7fbedf55b000-7fbedf55c000 ---p 00000000 00:00 0 
7fbedf55c000-7fbedf65c000 rw-p 00000000 00:00 0 
7fbedf65c000-7fbedf65d000 ---p 00000000 00:00 0 
7fbedf65d000-7fbedf75d000 rw-p 00000000 00:00 0                          [stack:18230]
7fbedf75d000-7fbedf75e000 ---p 00000000 00:00 0 
7fbedf75e000-7fbedf85e000 rw-p 00000000 00:00 0                          [stack:18229]
7fbedf85e000-7fbedf85f000 ---p 00000000 00:00 0 
7fbedf85f000-7fbedf989000 rw-p 00000000 00:00 0                          [stack:18228]
7fbedf989000-7fbedfbf5000 rw-p 00000000 00:00 0 
7fbedfbf5000-7fbedfc00000 rw-p 00000000 00:00 0 
7fbedfc00000-7fbedfc1e000 rw-p 00000000 00:00 0 
7fbedfc1e000-7fbedfc48000 rw-p 00000000 00:00 0 
7fbedfc48000-7fbedfeb4000 rw-p 00000000 00:00 0 
7fbedfeb4000-7fbedfec9000 rw-p 00000000 00:00 0 
7fbedfec9000-7fbedffff000 rw-p 00000000 00:00 0 
7fbedffff000-7fbee0000000 rw-p 00000000 00:00 0 
7fbee0000000-7fbee0027000 rw-p 00000000 00:00 0 
7fbee0027000-7fbee4000000 ---p 00000000 00:00 0 
7fbee400a000-7fbee40c8000 rw-p 00000000 00:00 0 
7fbee40c8000-7fbee40c9000 ---p 00000000 00:00 0 
7fbee40c9000-7fbee41d3000 rw-p 00000000 00:00 0                          [stack:18227]
7fbee41d3000-7fbee4289000 rw-p 00000000 00:00 0 
7fbee4289000-7fbee44f9000 rwxp 00000000 00:00 0 
7fbee44f9000-7fbee7289000 rw-p 00000000 00:00 0 
7fbee7289000-7fbee72a4000 r-xp 00000000 08:07 69077                      /usr/opt/oracle-jdk-bin-1.7.0.25/jre/lib/amd64/libzip.so
7fbee72a4000-7fbee74a3000 ---p 0001b000 08:07 69077                      /usr/opt/oracle-jdk-bin-1.7.0.25/jre/lib/amd64/libzip.so
7fbee74a3000-7fbee74a4000 rw-p 0001a000 08:07 69077                      /usr/opt/oracle-jdk-bin-1.7.0.25/jre/lib/amd64/libzip.so
7fbee74a4000-7fbee74cd000 r-xp 00000000 08:07 69095                      /usr/opt/oracle-jdk-bin-1.7.0.25/jre/lib/amd64/libjava.so
7fbee74cd000-7fbee76cd000 ---p 00029000 08:07 69095                      /usr/opt/oracle-jdk-bin-1.7.0.25/jre/lib/amd64/libjava.so
7fbee76cd000-7fbee76cf000 rw-p 00029000 08:07 69095                      /usr/opt/oracle-jdk-bin-1.7.0.25/jre/lib/amd64/libjava.so
7fbee76cf000-7fbee76dc000 r-xp 00000000 08:07 69109                      /usr/opt/oracle-jdk-bin-1.7.0.25/jre/lib/amd64/libverify.so
7fbee76dc000-7fbee78db000 ---p 0000d000 08:07 69109                      /usr/opt/oracle-jdk-bin-1.7.0.25/jre/lib/amd64/libverify.so
7fbee78db000-7fbee78dd000 rw-p 0000c000 08:07 69109                      /usr/opt/oracle-jdk-bin-1.7.0.25/jre/lib/amd64/libverify.so
7fbee78dd000-7fbee78e5000 r-xp 00000000 08:02 5234                       /lib64/librt-2.15.so
7fbee78e5000-7fbee7ae4000 ---p 00008000 08:02 5234                       /lib64/librt-2.15.so
7fbee7ae4000-7fbee7ae5000 r--p 00007000 08:02 5234                       /lib64/librt-2.15.so
7fbee7ae5000-7fbee7ae6000 rw-p 00008000 08:02 5234                       /lib64/librt-2.15.so
7fbee7ae6000-7fbee7bda000 r-xp 00000000 08:02 5236                       /lib64/libm-2.15.so
7fbee7bda000-7fbee7dd9000 ---p 000f4000 08:02 5236                       /lib64/libm-2.15.so
7fbee7dd9000-7fbee7dda000 r--p 000f3000 08:02 5236                       /lib64/libm-2.15.so
7fbee7dda000-7fbee7ddb000 rw-p 000f4000 08:02 5236                       /lib64/libm-2.15.so
7fbee7ddb000-7fbee881c000 r-xp 00000000 08:07 69090                      /usr/opt/oracle-jdk-bin-1.7.0.25/jre/lib/amd64/server/libjvm.so
7fbee881c000-7fbee8a1c000 ---p 00a41000 08:07 69090                      /usr/opt/oracle-jdk-bin-1.7.0.25/jre/lib/amd64/server/libjvm.so
7fbee8a1c000-7fbee8abf000 rw-p 00a41000 08:07 69090                      /usr/opt/oracle-jdk-bin-1.7.0.25/jre/lib/amd64/server/libjvm.so
7fbee8abf000-7fbee8afb000 rw-p 00000000 00:00 0 
7fbee8afb000-7fbee8c9a000 r-xp 00000000 08:02 5215                       /lib64/libc-2.15.so
7fbee8c9a000-7fbee8e99000 ---p 0019f000 08:02 5215                       /lib64/libc-2.15.so
7fbee8e99000-7fbee8e9d000 r--p 0019e000 08:02 5215                       /lib64/libc-2.15.so
7fbee8e9d000-7fbee8e9f000 rw-p 001a2000 08:02 5215                       /lib64/libc-2.15.so
7fbee8e9f000-7fbee8ea3000 rw-p 00000000 00:00 0 
7fbee8ea3000-7fbee8ea5000 r-xp 00000000 08:02 5287                       /lib64/libdl-2.15.so
7fbee8ea5000-7fbee90a5000 ---p 00002000 08:02 5287                       /lib64/libdl-2.15.so
7fbee90a5000-7fbee90a6000 r--p 00002000 08:02 5287                       /lib64/libdl-2.15.so
7fbee90a6000-7fbee90a7000 rw-p 00003000 08:02 5287                       /lib64/libdl-2.15.so
7fbee90a7000-7fbee90bd000 r-xp 00000000 08:07 69083                      /usr/opt/oracle-jdk-bin-1.7.0.25/jre/lib/amd64/jli/libjli.so
7fbee90bd000-7fbee92bd000 ---p 00016000 08:07 69083                      /usr/opt/oracle-jdk-bin-1.7.0.25/jre/lib/amd64/jli/libjli.so
7fbee92bd000-7fbee92be000 rw-p 00016000 08:07 69083                      /usr/opt/oracle-jdk-bin-1.7.0.25/jre/lib/amd64/jli/libjli.so
7fbee92be000-7fbee92d6000 r-xp 00000000 08:02 5290                       /lib64/libpthread-2.15.so
7fbee92d6000-7fbee94d5000 ---p 00018000 08:02 5290                       /lib64/libpthread-2.15.so
7fbee94d5000-7fbee94d6000 r--p 00017000 08:02 5290                       /lib64/libpthread-2.15.so
7fbee94d6000-7fbee94d7000 rw-p 00018000 08:02 5290                       /lib64/libpthread-2.15.so
7fbee94d7000-7fbee94db000 rw-p 00000000 00:00 0 
7fbee94db000-7fbee94fc000 r-xp 00000000 08:02 5301                       /lib64/ld-2.15.so
7fbee9576000-7fbee9581000 rw-p 00000000 00:00 0 
7fbee9581000-7fbee959f000 rw-p 00000000 00:00 0 
7fbee959f000-7fbee95d4000 r--s 00000000 08:05 6077                       /var/run/nscd/dbVVwJU2 (deleted)
7fbee95d4000-7fbee95d7000 ---p 00000000 00:00 0 
7fbee95d7000-7fbee96d9000 rw-p 00000000 00:00 0                          [stack:18226]
7fbee96ef000-7fbee96f1000 rw-p 00000000 00:00 0 
7fbee96f1000-7fbee96f9000 rw-s 00000000 00:0e 6297638                    /tmp/hsperfdata_liu351/18221
7fbee96f9000-7fbee96fa000 rw-p 00000000 00:00 0 
7fbee96fa000-7fbee96fb000 r--p 00000000 00:00 0 
7fbee96fb000-7fbee96fc000 rw-p 00000000 00:00 0 
7fbee96fc000-7fbee96fd000 r--p 00021000 08:02 5301                       /lib64/ld-2.15.so
7fbee96fd000-7fbee96fe000 rw-p 00022000 08:02 5301                       /lib64/ld-2.15.so
7fbee96fe000-7fbee96ff000 rw-p 00000000 00:00 0 
7fff4e006000-7fff4e027000 rw-p 00000000 00:00 0                          [stack]
7fff4e185000-7fff4e186000 r-xp 00000000 00:00 0                          [vdso]
ffffffffff600000-ffffffffff601000 r-xp 00000000 00:00 0                  [vsyscall]

VM Arguments:
jvm_args: -Dfile.encoding=UTF-8 
java_command: medicaldatabase.Driver
Launcher Type: SUN_STANDARD

Environment Variables:
PATH=/usr/local/bin:/bin:/usr/bin:/sbin:/usr/sbin:/usr/x86_64-pc-linux-gnu/gcc-bin/4.6.3:/usr/games/bin
USERNAME=liu351
LD_LIBRARY_PATH=/opt/oracle-jdk-bin-1.7.0.25/jre/lib/amd64:/opt/oracle-jdk-bin-1.7.0.25/jre/lib/i386:
SHELL=/bin/tcsh
DISPLAY=:0.0

Signal Handlers:
SIGSEGV: [libjvm.so+0x8a26a0], sa_mask[0]=0x7ffbfeff, sa_flags=0x10000004
SIGBUS: [libjvm.so+0x8a26a0], sa_mask[0]=0x7ffbfeff, sa_flags=0x10000004
SIGFPE: [libjvm.so+0x73f3d0], sa_mask[0]=0x7ffbfeff, sa_flags=0x10000004
SIGPIPE: [libjvm.so+0x73f3d0], sa_mask[0]=0x7ffbfeff, sa_flags=0x10000004
SIGXFSZ: [libjvm.so+0x73f3d0], sa_mask[0]=0x7ffbfeff, sa_flags=0x10000004
SIGILL: [libjvm.so+0x73f3d0], sa_mask[0]=0x7ffbfeff, sa_flags=0x10000004
SIGUSR1: SIG_DFL, sa_mask[0]=0x00000000, sa_flags=0x00000000
SIGUSR2: [libjvm.so+0x73ed20], sa_mask[0]=0x00000004, sa_flags=0x10000004
SIGHUP: SIG_DFL, sa_mask[0]=0x00000000, sa_flags=0x00000000
SIGINT: SIG_IGN, sa_mask[0]=0x00000000, sa_flags=0x00000000
SIGTERM: SIG_DFL, sa_mask[0]=0x00000000, sa_flags=0x00000000
SIGQUIT: SIG_DFL, sa_mask[0]=0x00000000, sa_flags=0x00000000


---------------  S Y S T E M  ---------------

OS:Gentoo Base System release 2.2

uname:Linux 3.10.7 #1 SMP Sat Aug 17 10:47:39 EDT 2013 x86_64
libc:glibc 2.15 NPTL 2.15 
rlimit: STACK 8192k, CORE 0k, NPROC 256, NOFILE 4096, AS infinity
load average:0.01 0.06 0.11

/proc/meminfo:
MemTotal:        8129820 kB
MemFree:         5840180 kB
Buffers:           44592 kB
Cached:           723848 kB
SwapCached:            0 kB
Active:          1723420 kB
Inactive:         425396 kB
Active(anon):    1380624 kB
Inactive(anon):    16240 kB
Active(file):     342796 kB
Inactive(file):   409156 kB
Unevictable:           0 kB
Mlocked:               0 kB
SwapTotal:      16787920 kB
SwapFree:       16787920 kB
Dirty:               188 kB
Writeback:             0 kB
AnonPages:       1380652 kB
Mapped:           115468 kB
Shmem:             16392 kB
Slab:              96080 kB
SReclaimable:      72528 kB
SUnreclaim:        23552 kB
KernelStack:        3072 kB
PageTables:        16140 kB
NFS_Unstable:          0 kB
Bounce:                0 kB
WritebackTmp:          0 kB
CommitLimit:    20852828 kB
Committed_AS:    3570500 kB
VmallocTotal:   34359738367 kB
VmallocUsed:       86436 kB
VmallocChunk:   34359647471 kB
DirectMap4k:       13776 kB
DirectMap2M:     8331264 kB


CPU:total 8 (4 cores per cpu, 2 threads per core) family 6 model 42 stepping 7, cmov, cx8, fxsr, mmx, sse, sse2, sse3, ssse3, sse4.1, sse4.2, popcnt, avx, ht, tsc, tscinvbit

/proc/cpuinfo:
processor	: 0
vendor_id	: GenuineIntel
cpu family	: 6
model		: 42
model name	: Intel(R) Core(TM) i7-2600 CPU @ 3.40GHz
stepping	: 7
microcode	: 0x25
cpu MHz		: 3604.000
cache size	: 8192 KB
physical id	: 0
siblings	: 8
core id		: 0
cpu cores	: 4
apicid		: 0
initial apicid	: 0
fpu		: yes
fpu_exception	: yes
cpuid level	: 13
wp		: yes
flags		: fpu vme de pse tsc msr pae mce cx8 apic sep mtrr pge mca cmov pat pse36 clflush dts acpi mmx fxsr sse sse2 ss ht tm pbe syscall nx rdtscp lm constant_tsc arch_perfmon pebs bts rep_good nopl xtopology nonstop_tsc aperfmperf eagerfpu pni pclmulqdq dtes64 monitor ds_cpl vmx smx est tm2 ssse3 cx16 xtpr pdcm pcid sse4_1 sse4_2 x2apic popcnt tsc_deadline_timer aes xsave avx lahf_lm ida arat epb xsaveopt pln pts dtherm tpr_shadow vnmi flexpriority ept vpid
bogomips	: 6784.90
clflush size	: 64
cache_alignment	: 64
address sizes	: 36 bits physical, 48 bits virtual
power management:

processor	: 1
vendor_id	: GenuineIntel
cpu family	: 6
model		: 42
model name	: Intel(R) Core(TM) i7-2600 CPU @ 3.40GHz
stepping	: 7
microcode	: 0x25
cpu MHz		: 3536.000
cache size	: 8192 KB
physical id	: 0
siblings	: 8
core id		: 1
cpu cores	: 4
apicid		: 2
initial apicid	: 2
fpu		: yes
fpu_exception	: yes
cpuid level	: 13
wp		: yes
flags		: fpu vme de pse tsc msr pae mce cx8 apic sep mtrr pge mca cmov pat pse36 clflush dts acpi mmx fxsr sse sse2 ss ht tm pbe syscall nx rdtscp lm constant_tsc arch_perfmon pebs bts rep_good nopl xtopology nonstop_tsc aperfmperf eagerfpu pni pclmulqdq dtes64 monitor ds_cpl vmx smx est tm2 ssse3 cx16 xtpr pdcm pcid sse4_1 sse4_2 x2apic popcnt tsc_deadline_timer aes xsave avx lahf_lm ida arat epb xsaveopt pln pts dtherm tpr_shadow vnmi flexpriority ept vpid
bogomips	: 6784.90
clflush size	: 64
cache_alignment	: 64
address sizes	: 36 bits physical, 48 bits virtual
power management:

processor	: 2
vendor_id	: GenuineIntel
cpu family	: 6
model		: 42
model name	: Intel(R) Core(TM) i7-2600 CPU @ 3.40GHz
stepping	: 7
microcode	: 0x25
cpu MHz		: 3536.000
cache size	: 8192 KB
physical id	: 0
siblings	: 8
core id		: 2
cpu cores	: 4
apicid		: 4
initial apicid	: 4
fpu		: yes
fpu_exception	: yes
cpuid level	: 13
wp		: yes
flags		: fpu vme de pse tsc msr pae mce cx8 apic sep mtrr pge mca cmov pat pse36 clflush dts acpi mmx fxsr sse sse2 ss ht tm pbe syscall nx rdtscp lm constant_tsc arch_perfmon pebs bts rep_good nopl xtopology nonstop_tsc aperfmperf eagerfpu pni pclmulqdq dtes64 monitor ds_cpl vmx smx est tm2 ssse3 cx16 xtpr pdcm pcid sse4_1 sse4_2 x2apic popcnt tsc_deadline_timer aes xsave avx lahf_lm ida arat epb xsaveopt pln pts dtherm tpr_shadow vnmi flexpriority ept vpid
bogomips	: 6784.90
clflush size	: 64
cache_alignment	: 64
address sizes	: 36 bits physical, 48 bits virtual
power management:

processor	: 3
vendor_id	: GenuineIntel
cpu family	: 6
model		: 42
model name	: Intel(R) Core(TM) i7-2600 CPU @ 3.40GHz
stepping	: 7
microcode	: 0x25
cpu MHz		: 3536.000
cache size	: 8192 KB
physical id	: 0
siblings	: 8
core id		: 3
cpu cores	: 4
apicid		: 6
initial apicid	: 6
fpu		: yes
fpu_exception	: yes
cpuid level	: 13
wp		: yes
flags		: fpu vme de pse tsc msr pae mce cx8 apic sep mtrr pge mca cmov pat pse36 clflush dts acpi mmx fxsr sse sse2 ss ht tm pbe syscall nx rdtscp lm constant_tsc arch_perfmon pebs bts rep_good nopl xtopology nonstop_tsc aperfmperf eagerfpu pni pclmulqdq dtes64 monitor ds_cpl vmx smx est tm2 ssse3 cx16 xtpr pdcm pcid sse4_1 sse4_2 x2apic popcnt tsc_deadline_timer aes xsave avx lahf_lm ida arat epb xsaveopt pln pts dtherm tpr_shadow vnmi flexpriority ept vpid
bogomips	: 6784.90
clflush size	: 64
cache_alignment	: 64
address sizes	: 36 bits physical, 48 bits virtual
power management:

processor	: 4
vendor_id	: GenuineIntel
cpu family	: 6
model		: 42
model name	: Intel(R) Core(TM) i7-2600 CPU @ 3.40GHz
stepping	: 7
microcode	: 0x25
cpu MHz		: 3536.000
cache size	: 8192 KB
physical id	: 0
siblings	: 8
core id		: 0
cpu cores	: 4
apicid		: 1
initial apicid	: 1
fpu		: yes
fpu_exception	: yes
cpuid level	: 13
wp		: yes
flags		: fpu vme de pse tsc msr pae mce cx8 apic sep mtrr pge mca cmov pat pse36 clflush dts acpi mmx fxsr sse sse2 ss ht tm pbe syscall nx rdtscp lm constant_tsc arch_perfmon pebs bts rep_good nopl xtopology nonstop_tsc aperfmperf eagerfpu pni pclmulqdq dtes64 monitor ds_cpl vmx smx est tm2 ssse3 cx16 xtpr pdcm pcid sse4_1 sse4_2 x2apic popcnt tsc_deadline_timer aes xsave avx lahf_lm ida arat epb xsaveopt pln pts dtherm tpr_shadow vnmi flexpriority ept vpid
bogomips	: 6784.90
clflush size	: 64
cache_alignment	: 64
address sizes	: 36 bits physical, 48 bits virtual
power management:

processor	: 5
vendor_id	: GenuineIntel
cpu family	: 6
model		: 42
model name	: Intel(R) Core(TM) i7-2600 CPU @ 3.40GHz
stepping	: 7
microcode	: 0x25
cpu MHz		: 3400.000
cache size	: 8192 KB
physical id	: 0
siblings	: 8
core id		: 1
cpu cores	: 4
apicid		: 3
initial apicid	: 3
fpu		: yes
fpu_exception	: yes
cpuid level	: 13
wp		: yes
flags		: fpu vme de pse tsc msr pae mce cx8 apic sep mtrr pge mca cmov pat pse36 clflush dts acpi mmx fxsr sse sse2 ss ht tm pbe syscall nx rdtscp lm constant_tsc arch_perfmon pebs bts rep_good nopl xtopology nonstop_tsc aperfmperf eagerfpu pni pclmulqdq dtes64 monitor ds_cpl vmx smx est tm2 ssse3 cx16 xtpr pdcm pcid sse4_1 sse4_2 x2apic popcnt tsc_deadline_timer aes xsave avx lahf_lm ida arat epb xsaveopt pln pts dtherm tpr_shadow vnmi flexpriority ept vpid
bogomips	: 6784.90
clflush size	: 64
cache_alignment	: 64
address sizes	: 36 bits physical, 48 bits virtual
power management:

processor	: 6
vendor_id	: GenuineIntel
cpu family	: 6
model		: 42
model name	: Intel(R) Core(TM) i7-2600 CPU @ 3.40GHz
stepping	: 7
microcode	: 0x25
cpu MHz		: 3502.000
cache size	: 8192 KB
physical id	: 0
siblings	: 8
core id		: 2
cpu cores	: 4
apicid		: 5
initial apicid	: 5
fpu		: yes
fpu_exception	: yes
cpuid level	: 13
wp		: yes
flags		: fpu vme de pse tsc msr pae mce cx8 apic sep mtrr pge mca cmov pat pse36 clflush dts acpi mmx fxsr sse sse2 ss ht tm pbe syscall nx rdtscp lm constant_tsc arch_perfmon pebs bts rep_good nopl xtopology nonstop_tsc aperfmperf eagerfpu pni pclmulqdq dtes64 monitor ds_cpl vmx smx est tm2 ssse3 cx16 xtpr pdcm pcid sse4_1 sse4_2 x2apic popcnt tsc_deadline_timer aes xsave avx lahf_lm ida arat epb xsaveopt pln pts dtherm tpr_shadow vnmi flexpriority ept vpid
bogomips	: 6784.90
clflush size	: 64
cache_alignment	: 64
address sizes	: 36 bits physical, 48 bits virtual
power management:

processor	: 7
vendor_id	: GenuineIntel
cpu family	: 6
model		: 42
model name	: Intel(R) Core(TM) i7-2600 CPU @ 3.40GHz
stepping	: 7
microcode	: 0x25
cpu MHz		: 3468.000
cache size	: 8192 KB
physical id	: 0
siblings	: 8
core id		: 3
cpu cores	: 4
apicid		: 7
initial apicid	: 7
fpu		: yes
fpu_exception	: yes
cpuid level	: 13
wp		: yes
flags		: fpu vme de pse tsc msr pae mce cx8 apic sep mtrr pge mca cmov pat pse36 clflush dts acpi mmx fxsr sse sse2 ss ht tm pbe syscall nx rdtscp lm constant_tsc arch_perfmon pebs bts rep_good nopl xtopology nonstop_tsc aperfmperf eagerfpu pni pclmulqdq dtes64 monitor ds_cpl vmx smx est tm2 ssse3 cx16 xtpr pdcm pcid sse4_1 sse4_2 x2apic popcnt tsc_deadline_timer aes xsave avx lahf_lm ida arat epb xsaveopt pln pts dtherm tpr_shadow vnmi flexpriority ept vpid
bogomips	: 6784.90
clflush size	: 64
cache_alignment	: 64
address sizes	: 36 bits physical, 48 bits virtual
power management:



Memory: 4k page, physical 8129820k(5840180k free), swap 16787920k(16787920k free)

vm_info: Java HotSpot(TM) 64-Bit Server VM (23.25-b01) for linux-amd64 JRE (1.7.0_25-b15), built on Jun  5 2013 20:48:36 by "java_re" with gcc 4.3.0 20080428 (Red Hat 4.3.0-8)

time: Tue Sep 17 20:32:12 2013
elapsed time: 0 seconds

